<?xml version="1.0" encoding="UTF-8"?>
<testng-results ignored="0" total="1" passed="1" failed="0" skipped="0">
  <reporter-output>
  </reporter-output>
  <suite started-at="2021-10-28T14:12:27 EEST" name="Default suite" finished-at="2021-10-28T14:12:54 EEST" duration-ms="26581">
    <groups>
    </groups>
    <test started-at="2021-10-28T14:12:27 EEST" name="Default test" finished-at="2021-10-28T14:12:54 EEST" duration-ms="26581">
      <class name="ProgressBarPageTest">
        <test-method is-config="true" signature="setUp()[pri:0, instance:ProgressBarPageTest@6d3a388c]" started-at="2021-10-28T14:12:27 EEST" name="setUp" finished-at="2021-10-28T14:12:31 EEST" duration-ms="4093" status="PASS">
          <reporter-output>
          </reporter-output>
        </test-method> <!-- setUp -->
        <test-method signature="ProgressBarTest()[pri:0, instance:ProgressBarPageTest@6d3a388c]" started-at="2021-10-28T14:12:31 EEST" name="ProgressBarTest" finished-at="2021-10-28T14:12:54 EEST" duration-ms="22469" status="PASS">
          <reporter-output>
          </reporter-output>
        </test-method> <!-- ProgressBarTest -->
      </class> <!-- ProgressBarPageTest -->
    </test> <!-- Default test -->
  </suite> <!-- Default suite -->
</testng-results>
